<!DOCTYPE html PUBLIC "-//W3C//DTD XHTML 1.0 Transitional//EN" "http://www.w3.org/TR/xhtml1/DTD/xhtml1-transitional.dtd">
<!-- Generated by Apache Maven Doxia Site Renderer 1.4 at 2015-02-23 -->
<html xmlns="http://www.w3.org/1999/xhtml" xml:lang="en" lang="en">
  <head>
    <meta http-equiv="Content-Type" content="text/html; charset=UTF-8" />
    <title>Title_Validation_E2E - Surefire Report</title>
    <style type="text/css" media="all">
      @import url("./css/maven-base.css");
      @import url("./css/maven-theme.css");
      @import url("./css/site.css");
    </style>
    <link rel="stylesheet" href="./css/print.css" type="text/css" media="print" />
    <meta name="Date-Revision-yyyymmdd" content="20150223" />
    <meta http-equiv="Content-Language" content="en" />
        
        </head>
  <body class="composite">
    <div id="banner">
                    <div id="bannerLeft">
                Title_Validation_E2E
                </div>
                    <div class="clear">
        <hr/>
      </div>
    </div>
    <div id="breadcrumbs">
            
                    
                <div class="xleft">
        <span id="publishDate">Last Published: 2015-02-23</span>
                  &nbsp;| <span id="projectVersion">Version: 1.1</span>
                      </div>
            <div class="xright">                    <a href="./" title="Title_Validation_E2E">Title_Validation_E2E</a>
              
                    
      </div>
      <div class="clear">
        <hr/>
      </div>
    </div>
    <div id="leftColumn">
      <div id="navcolumn">
             
                    
                                          <h5>Project Documentation</h5>
                  <ul>
                                                                                                                                                                                <li class="collapsed">
                          <a href="project-info.html" title="Project Information">Project Information</a>
                  </li>
                                                                              <li class="expanded">
                          <a href="project-reports.html" title="Project Reports">Project Reports</a>
                    <ul>
                      <li class="none">
            <strong>Surefire Report</strong>
          </li>
              </ul>
        </li>
          </ul>
                             <a href="http://maven.apache.org/" title="Built by Maven" class="poweredBy">
        <img class="poweredBy" alt="Built by Maven" src="./images/logos/maven-feather.png" />
      </a>
                   
                    
            </div>
    </div>
    <div id="bodyColumn">
      <div id="contentBox">
        <script type="text/javascript">
//<![CDATA[
function toggleDisplay(elementId) {
 var elm = document.getElementById(elementId + 'error');
 if (elm && typeof elm.style != "undefined") {
 if (elm.style.display == "none") {
 elm.style.display = "";
 document.getElementById(elementId + 'off').style.display = "none";
 document.getElementById(elementId + 'on').style.display = "inline";
 } else if (elm.style.display == "") { elm.style.display = "none";
 document.getElementById(elementId + 'off').style.display = "inline";
 document.getElementById(elementId + 'on').style.display = "none";
 } 
 } 
 }
//]]>
</script>
<div class="section">
<h2>Surefire Report<a name="Surefire_Report"></a></h2></div>
<div class="section">
<h2>Summary<a name="Summary"></a></h2><a name="Summary"></a>
<p>[<a href="#Summary">Summary</a>] [<a href="#Package_List">Package List</a>] [<a href="#Test_Cases">Test Cases</a>]</p><br />
<table border="1" class="bodyTable">
<tr class="a">
<th>Tests</th>
<th>Errors </th>
<th>Failures</th>
<th>Skipped</th>
<th>Success Rate</th>
<th>Time</th></tr>
<tr class="b">
<td>25</td>
<td>0</td>
<td>11</td>
<td>0</td>
<td>56%</td>
<td>0.107</td></tr></table><br />
<p>Note: failures are anticipated and checked for with assertions while errors are unanticipated.</p><br /></div>
<div class="section">
<h2>Package List<a name="Package_List"></a></h2><a name="Package_List"></a>
<p>[<a href="#Summary">Summary</a>] [<a href="#Package_List">Package List</a>] [<a href="#Test_Cases">Test Cases</a>]</p><br />
<table border="1" class="bodyTable">
<tr class="a">
<th>Package</th>
<th>Tests</th>
<th>Errors </th>
<th>Failures</th>
<th>Skipped</th>
<th>Success Rate</th>
<th>Time</th></tr>
<tr class="b">
<td><a href="#core">core</a></td>
<td>25</td>
<td>0</td>
<td>11</td>
<td>0</td>
<td>56%</td>
<td>0.107</td></tr></table><br />
<p>Note: package statistics are not computed recursively, they only sum up all of its testsuites numbers.</p>
<div class="section">
<h3>core<a name="core"></a></h3><a name="core"></a>
<table border="1" class="bodyTable">
<tr class="a">
<th></th>
<th>Class</th>
<th>Tests</th>
<th>Errors </th>
<th>Failures</th>
<th>Skipped</th>
<th>Success Rate</th>
<th>Time</th></tr>
<tr class="b">
<td><a href="#coreSeleniumTest"><img src="images/icon_warning_sml.gif" alt="" /></a></td>
<td><a href="#coreSeleniumTest">SeleniumTest</a></td>
<td>25</td>
<td>0</td>
<td>11</td>
<td>0</td>
<td>56%</td>
<td>0.107</td></tr></table></div><br /></div>
<div class="section">
<h2>Test Cases<a name="Test_Cases"></a></h2><a name="Test_Cases"></a>
<p>[<a href="#Summary">Summary</a>] [<a href="#Package_List">Package List</a>] [<a href="#Test_Cases">Test Cases</a>]</p>
<div class="section">
<h3>SeleniumTest<a name="SeleniumTest"></a></h3><a name="coreSeleniumTest"></a>
<table border="1" class="bodyTable">
<tr class="a">
<td><img src="images/icon_success_sml.gif" alt="" /></td>
<td>test_Title_Validation[Iteration # 0 : exp: learn2test.net; act: learn2test.net]</td>
<td>0.069</td></tr>
<tr class="b">
<td><img src="images/icon_success_sml.gif" alt="" /></td>
<td>test_Title_Validation[Iteration # 1 : exp: www.alegro.com; act: www.alegro.com]</td>
<td>0.001</td></tr>
<tr class="a">
<td><img src="images/icon_success_sml.gif" alt="" /></td>
<td>test_Title_Validation[Iteration # 2 : exp: www.alegro.net; act: www.alegro.net]</td>
<td>0.001</td></tr>
<tr class="b">
<td><img src="images/icon_success_sml.gif" alt="" /></td>
<td>test_Title_Validation[Iteration # 3 : exp: Wikipedia; act: Wikipedia]</td>
<td>0.005</td></tr>
<tr class="a">
<td><a href="#core.SeleniumTest.test_Title_Validation[Iteration # 4 : exp: Barnes &amp; Noble - Books, Textbooks, eBooks, Toys, Games &amp; More&quot;; act: Barnes &amp; Noble - Books, Textbooks, eBooks, Toys, Games &amp; More]"><img src="images/icon_error_sml.gif" alt="" /></a></td>
<td><a href="#core.SeleniumTest.test_Title_Validation[Iteration # 4 : exp: Barnes &amp; Noble - Books, Textbooks, eBooks, Toys, Games &amp; More&quot;; act: Barnes &amp; Noble - Books, Textbooks, eBooks, Toys, Games &amp; More]">test_Title_Validation[Iteration # 4 : exp: Barnes &amp; Noble - Books, Textbooks, eBooks, Toys, Games &amp; More&quot;; act: Barnes &amp; Noble - Books, Textbooks, eBooks, Toys, Games &amp; More]</a>
<div class="detailToggle" style="display:inline"><a href="javascript:toggleDisplay(&apos;core_SeleniumTest_test_Title_Validation[Iteration # 4 : exp: Barnes &amp; Noble - Books, Textbooks, eBooks, Toys, Games &amp; More&quot;; act: Barnes &amp; Noble - Books, Textbooks, eBooks, Toys, Games &amp; More]&apos;);"><span style="display:inline;" id="core_SeleniumTest_test_Title_Validation[Iteration # 4 : exp: Barnes &amp; Noble - Books, Textbooks, eBooks, Toys, Games &amp; More&quot;; act: Barnes &amp; Noble - Books, Textbooks, eBooks, Toys, Games &amp; More]off"> + </span><span style="display:none;" id="core_SeleniumTest_test_Title_Validation[Iteration # 4 : exp: Barnes &amp; Noble - Books, Textbooks, eBooks, Toys, Games &amp; More&quot;; act: Barnes &amp; Noble - Books, Textbooks, eBooks, Toys, Games &amp; More]on"> - </span>[ Detail ]</a></div></td>
<td>0.002</td></tr>
<tr class="b">
<td></td>
<td>FAILED expected:&lt;..., Toys, Games &amp; More[&quot;]&gt; but was:&lt;..., Toys, Games &amp; More[]&gt;</td>
<td></td></tr>
<tr class="a">
<td></td>
<td>
<div id="core_SeleniumTest_test_Title_Validation[Iteration # 4 : exp: Barnes &amp; Noble - Books, Textbooks, eBooks, Toys, Games &amp; More&quot;; act: Barnes &amp; Noble - Books, Textbooks, eBooks, Toys, Games &amp; More]error" style="display:none;">
<div>
<pre>org.junit.ComparisonFailure: FAILED expected:&lt;..., Toys, Games &amp; More[&quot;]&gt; but was:&lt;..., Toys, Games &amp; More[]&gt;at org.junit.Assert.assertEquals(Assert.java:115)at core.SeleniumTest.test_Title_Validation(SeleniumTest.java:47)at sun.reflect.NativeMethodAccessorImpl.invoke0(Native Method)at sun.reflect.NativeMethodAccessorImpl.invoke(NativeMethodAccessorImpl.java:62)at sun.reflect.DelegatingMethodAccessorImpl.invoke(DelegatingMethodAccessorImpl.java:43)at java.lang.reflect.Method.invoke(Method.java:483)at org.junit.runners.model.FrameworkMethod$1.runReflectiveCall(FrameworkMethod.java:50)at org.junit.internal.runners.model.ReflectiveCallable.run(ReflectiveCallable.java:12)at org.junit.runners.model.FrameworkMethod.invokeExplosively(FrameworkMethod.java:47)at org.junit.internal.runners.statements.InvokeMethod.evaluate(InvokeMethod.java:17)at org.junit.runners.ParentRunner.runLeaf(ParentRunner.java:325)at org.junit.runners.BlockJUnit4ClassRunner.runChild(BlockJUnit4ClassRunner.java:78)at org.junit.runners.BlockJUnit4ClassRunner.runChild(BlockJUnit4ClassRunner.java:57)at org.junit.runners.ParentRunner$3.run(ParentRunner.java:290)at org.junit.runners.ParentRunner$1.schedule(ParentRunner.java:71)at org.junit.runners.ParentRunner.runChildren(ParentRunner.java:288)at org.junit.runners.ParentRunner.access$000(ParentRunner.java:58)at org.junit.runners.ParentRunner$2.evaluate(ParentRunner.java:268)at org.junit.runners.ParentRunner.run(ParentRunner.java:363)at org.junit.runners.Suite.runChild(Suite.java:128)at org.junit.runners.Suite.runChild(Suite.java:27)at org.junit.runners.ParentRunner$3.run(ParentRunner.java:290)at org.junit.runners.ParentRunner$1.schedule(ParentRunner.java:71)at org.junit.runners.ParentRunner.runChildren(ParentRunner.java:288)at org.junit.runners.ParentRunner.access$000(ParentRunner.java:58)at org.junit.runners.ParentRunner$2.evaluate(ParentRunner.java:268)at org.junit.internal.runners.statements.RunBefores.evaluate(RunBefores.java:26)at org.junit.runners.ParentRunner.run(ParentRunner.java:363)at org.junit.runners.Suite.runChild(Suite.java:128)at org.junit.runners.Suite.runChild(Suite.java:27)at org.junit.runners.ParentRunner$3.run(ParentRunner.java:290)at org.junit.runners.ParentRunner$1.schedule(ParentRunner.java:71)at org.junit.runners.ParentRunner.runChildren(ParentRunner.java:288)at org.junit.runners.ParentRunner.access$000(ParentRunner.java:58)at org.junit.runners.ParentRunner$2.evaluate(ParentRunner.java:268)at org.junit.runners.ParentRunner.run(ParentRunner.java:363)at org.apache.maven.surefire.junit4.JUnit4Provider.execute(JUnit4Provider.java:252)at org.apache.maven.surefire.junit4.JUnit4Provider.executeTestSet(JUnit4Provider.java:141)at org.apache.maven.surefire.junit4.JUnit4Provider.invoke(JUnit4Provider.java:112)at sun.reflect.NativeMethodAccessorImpl.invoke0(Native Method)at sun.reflect.NativeMethodAccessorImpl.invoke(NativeMethodAccessorImpl.java:62)at sun.reflect.DelegatingMethodAccessorImpl.invoke(DelegatingMethodAccessorImpl.java:43)at java.lang.reflect.Method.invoke(Method.java:483)at org.apache.maven.surefire.util.ReflectionUtils.invokeMethodWithArray(ReflectionUtils.java:189)at org.apache.maven.surefire.booter.ProviderFactory$ProviderProxy.invoke(ProviderFactory.java:165)at org.apache.maven.surefire.booter.ProviderFactory.invokeProvider(ProviderFactory.java:85)at org.apache.maven.surefire.booter.ForkedBooter.runSuitesInProcess(ForkedBooter.java:115)at org.apache.maven.surefire.booter.ForkedBooter.main(ForkedBooter.java:75)</pre></div></div></td>
<td></td></tr>
<tr class="b">
<td><img src="images/icon_success_sml.gif" alt="" /></td>
<td>test_Title_Validation[Iteration # 5 : exp: Abbott Nutrition-Your Nutrition Resource; act: Abbott Nutrition-Your Nutrition Resource]</td>
<td>0.006</td></tr>
<tr class="a">
<td><a href="#core.SeleniumTest.test_Title_Validation[Iteration # 6 : exp: Send Money, Pay Online or Set Up a Merchant Account - PayPal&quot;; act: Send Money, Pay Online or Set Up a Merchant Account - PayPal]"><img src="images/icon_error_sml.gif" alt="" /></a></td>
<td><a href="#core.SeleniumTest.test_Title_Validation[Iteration # 6 : exp: Send Money, Pay Online or Set Up a Merchant Account - PayPal&quot;; act: Send Money, Pay Online or Set Up a Merchant Account - PayPal]">test_Title_Validation[Iteration # 6 : exp: Send Money, Pay Online or Set Up a Merchant Account - PayPal&quot;; act: Send Money, Pay Online or Set Up a Merchant Account - PayPal]</a>
<div class="detailToggle" style="display:inline"><a href="javascript:toggleDisplay(&apos;core_SeleniumTest_test_Title_Validation[Iteration # 6 : exp: Send Money, Pay Online or Set Up a Merchant Account - PayPal&quot;; act: Send Money, Pay Online or Set Up a Merchant Account - PayPal]&apos;);"><span style="display:inline;" id="core_SeleniumTest_test_Title_Validation[Iteration # 6 : exp: Send Money, Pay Online or Set Up a Merchant Account - PayPal&quot;; act: Send Money, Pay Online or Set Up a Merchant Account - PayPal]off"> + </span><span style="display:none;" id="core_SeleniumTest_test_Title_Validation[Iteration # 6 : exp: Send Money, Pay Online or Set Up a Merchant Account - PayPal&quot;; act: Send Money, Pay Online or Set Up a Merchant Account - PayPal]on"> - </span>[ Detail ]</a></div></td>
<td>0</td></tr>
<tr class="b">
<td></td>
<td>FAILED expected:&lt;...ant Account - PayPal[&quot;]&gt; but was:&lt;...ant Account - PayPal[]&gt;</td>
<td></td></tr>
<tr class="a">
<td></td>
<td>
<div id="core_SeleniumTest_test_Title_Validation[Iteration # 6 : exp: Send Money, Pay Online or Set Up a Merchant Account - PayPal&quot;; act: Send Money, Pay Online or Set Up a Merchant Account - PayPal]error" style="display:none;">
<div>
<pre>org.junit.ComparisonFailure: FAILED expected:&lt;...ant Account - PayPal[&quot;]&gt; but was:&lt;...ant Account - PayPal[]&gt;at org.junit.Assert.assertEquals(Assert.java:115)at core.SeleniumTest.test_Title_Validation(SeleniumTest.java:47)at sun.reflect.NativeMethodAccessorImpl.invoke0(Native Method)at sun.reflect.NativeMethodAccessorImpl.invoke(NativeMethodAccessorImpl.java:62)at sun.reflect.DelegatingMethodAccessorImpl.invoke(DelegatingMethodAccessorImpl.java:43)at java.lang.reflect.Method.invoke(Method.java:483)at org.junit.runners.model.FrameworkMethod$1.runReflectiveCall(FrameworkMethod.java:50)at org.junit.internal.runners.model.ReflectiveCallable.run(ReflectiveCallable.java:12)at org.junit.runners.model.FrameworkMethod.invokeExplosively(FrameworkMethod.java:47)at org.junit.internal.runners.statements.InvokeMethod.evaluate(InvokeMethod.java:17)at org.junit.runners.ParentRunner.runLeaf(ParentRunner.java:325)at org.junit.runners.BlockJUnit4ClassRunner.runChild(BlockJUnit4ClassRunner.java:78)at org.junit.runners.BlockJUnit4ClassRunner.runChild(BlockJUnit4ClassRunner.java:57)at org.junit.runners.ParentRunner$3.run(ParentRunner.java:290)at org.junit.runners.ParentRunner$1.schedule(ParentRunner.java:71)at org.junit.runners.ParentRunner.runChildren(ParentRunner.java:288)at org.junit.runners.ParentRunner.access$000(ParentRunner.java:58)at org.junit.runners.ParentRunner$2.evaluate(ParentRunner.java:268)at org.junit.runners.ParentRunner.run(ParentRunner.java:363)at org.junit.runners.Suite.runChild(Suite.java:128)at org.junit.runners.Suite.runChild(Suite.java:27)at org.junit.runners.ParentRunner$3.run(ParentRunner.java:290)at org.junit.runners.ParentRunner$1.schedule(ParentRunner.java:71)at org.junit.runners.ParentRunner.runChildren(ParentRunner.java:288)at org.junit.runners.ParentRunner.access$000(ParentRunner.java:58)at org.junit.runners.ParentRunner$2.evaluate(ParentRunner.java:268)at org.junit.internal.runners.statements.RunBefores.evaluate(RunBefores.java:26)at org.junit.runners.ParentRunner.run(ParentRunner.java:363)at org.junit.runners.Suite.runChild(Suite.java:128)at org.junit.runners.Suite.runChild(Suite.java:27)at org.junit.runners.ParentRunner$3.run(ParentRunner.java:290)at org.junit.runners.ParentRunner$1.schedule(ParentRunner.java:71)at org.junit.runners.ParentRunner.runChildren(ParentRunner.java:288)at org.junit.runners.ParentRunner.access$000(ParentRunner.java:58)at org.junit.runners.ParentRunner$2.evaluate(ParentRunner.java:268)at org.junit.runners.ParentRunner.run(ParentRunner.java:363)at org.apache.maven.surefire.junit4.JUnit4Provider.execute(JUnit4Provider.java:252)at org.apache.maven.surefire.junit4.JUnit4Provider.executeTestSet(JUnit4Provider.java:141)at org.apache.maven.surefire.junit4.JUnit4Provider.invoke(JUnit4Provider.java:112)at sun.reflect.NativeMethodAccessorImpl.invoke0(Native Method)at sun.reflect.NativeMethodAccessorImpl.invoke(NativeMethodAccessorImpl.java:62)at sun.reflect.DelegatingMethodAccessorImpl.invoke(DelegatingMethodAccessorImpl.java:43)at java.lang.reflect.Method.invoke(Method.java:483)at org.apache.maven.surefire.util.ReflectionUtils.invokeMethodWithArray(ReflectionUtils.java:189)at org.apache.maven.surefire.booter.ProviderFactory$ProviderProxy.invoke(ProviderFactory.java:165)at org.apache.maven.surefire.booter.ProviderFactory.invokeProvider(ProviderFactory.java:85)at org.apache.maven.surefire.booter.ForkedBooter.runSuitesInProcess(ForkedBooter.java:115)at org.apache.maven.surefire.booter.ForkedBooter.main(ForkedBooter.java:75)</pre></div></div></td>
<td></td></tr>
<tr class="b">
<td><a href="#core.SeleniumTest.test_Title_Validation[Iteration # 7 : exp: Electronics, Cars, Fashion, Collectibles, Coupons and More | eBay&quot;; act: Electronics, Cars, Fashion, Collectibles, Coupons and More | eBay]"><img src="images/icon_error_sml.gif" alt="" /></a></td>
<td><a href="#core.SeleniumTest.test_Title_Validation[Iteration # 7 : exp: Electronics, Cars, Fashion, Collectibles, Coupons and More | eBay&quot;; act: Electronics, Cars, Fashion, Collectibles, Coupons and More | eBay]">test_Title_Validation[Iteration # 7 : exp: Electronics, Cars, Fashion, Collectibles, Coupons and More | eBay&quot;; act: Electronics, Cars, Fashion, Collectibles, Coupons and More | eBay]</a>
<div class="detailToggle" style="display:inline"><a href="javascript:toggleDisplay(&apos;core_SeleniumTest_test_Title_Validation[Iteration # 7 : exp: Electronics, Cars, Fashion, Collectibles, Coupons and More | eBay&quot;; act: Electronics, Cars, Fashion, Collectibles, Coupons and More | eBay]&apos;);"><span style="display:inline;" id="core_SeleniumTest_test_Title_Validation[Iteration # 7 : exp: Electronics, Cars, Fashion, Collectibles, Coupons and More | eBay&quot;; act: Electronics, Cars, Fashion, Collectibles, Coupons and More | eBay]off"> + </span><span style="display:none;" id="core_SeleniumTest_test_Title_Validation[Iteration # 7 : exp: Electronics, Cars, Fashion, Collectibles, Coupons and More | eBay&quot;; act: Electronics, Cars, Fashion, Collectibles, Coupons and More | eBay]on"> - </span>[ Detail ]</a></div></td>
<td>0.006</td></tr>
<tr class="a">
<td></td>
<td>FAILED expected:&lt;...pons and More | eBay[&quot;]&gt; but was:&lt;...pons and More | eBay[]&gt;</td>
<td></td></tr>
<tr class="b">
<td></td>
<td>
<div id="core_SeleniumTest_test_Title_Validation[Iteration # 7 : exp: Electronics, Cars, Fashion, Collectibles, Coupons and More | eBay&quot;; act: Electronics, Cars, Fashion, Collectibles, Coupons and More | eBay]error" style="display:none;">
<div>
<pre>org.junit.ComparisonFailure: FAILED expected:&lt;...pons and More | eBay[&quot;]&gt; but was:&lt;...pons and More | eBay[]&gt;at org.junit.Assert.assertEquals(Assert.java:115)at core.SeleniumTest.test_Title_Validation(SeleniumTest.java:47)at sun.reflect.NativeMethodAccessorImpl.invoke0(Native Method)at sun.reflect.NativeMethodAccessorImpl.invoke(NativeMethodAccessorImpl.java:62)at sun.reflect.DelegatingMethodAccessorImpl.invoke(DelegatingMethodAccessorImpl.java:43)at java.lang.reflect.Method.invoke(Method.java:483)at org.junit.runners.model.FrameworkMethod$1.runReflectiveCall(FrameworkMethod.java:50)at org.junit.internal.runners.model.ReflectiveCallable.run(ReflectiveCallable.java:12)at org.junit.runners.model.FrameworkMethod.invokeExplosively(FrameworkMethod.java:47)at org.junit.internal.runners.statements.InvokeMethod.evaluate(InvokeMethod.java:17)at org.junit.runners.ParentRunner.runLeaf(ParentRunner.java:325)at org.junit.runners.BlockJUnit4ClassRunner.runChild(BlockJUnit4ClassRunner.java:78)at org.junit.runners.BlockJUnit4ClassRunner.runChild(BlockJUnit4ClassRunner.java:57)at org.junit.runners.ParentRunner$3.run(ParentRunner.java:290)at org.junit.runners.ParentRunner$1.schedule(ParentRunner.java:71)at org.junit.runners.ParentRunner.runChildren(ParentRunner.java:288)at org.junit.runners.ParentRunner.access$000(ParentRunner.java:58)at org.junit.runners.ParentRunner$2.evaluate(ParentRunner.java:268)at org.junit.runners.ParentRunner.run(ParentRunner.java:363)at org.junit.runners.Suite.runChild(Suite.java:128)at org.junit.runners.Suite.runChild(Suite.java:27)at org.junit.runners.ParentRunner$3.run(ParentRunner.java:290)	at org.junit.runners.ParentRunner$1.schedule(ParentRunner.java:71)at org.junit.runners.ParentRunner.runChildren(ParentRunner.java:288)at org.junit.runners.ParentRunner.access$000(ParentRunner.java:58)at org.junit.runners.ParentRunner$2.evaluate(ParentRunner.java:268)at org.junit.internal.runners.statements.RunBefores.evaluate(RunBefores.java:26)at org.junit.runners.ParentRunner.run(ParentRunner.java:363)at org.junit.runners.Suite.runChild(Suite.java:128)at org.junit.runners.Suite.runChild(Suite.java:27)at org.junit.runners.ParentRunner$3.run(ParentRunner.java:290)at org.junit.runners.ParentRunner$1.schedule(ParentRunner.java:71)at org.junit.runners.ParentRunner.runChildren(ParentRunner.java:288)at org.junit.runners.ParentRunner.access$000(ParentRunner.java:58)at org.junit.runners.ParentRunner$2.evaluate(ParentRunner.java:268)at org.junit.runners.ParentRunner.run(ParentRunner.java:363)at org.apache.maven.surefire.junit4.JUnit4Provider.execute(JUnit4Provider.java:252)at org.apache.maven.surefire.junit4.JUnit4Provider.executeTestSet(JUnit4Provider.java:141)at org.apache.maven.surefire.junit4.JUnit4Provider.invoke(JUnit4Provider.java:112)at sun.reflect.NativeMethodAccessorImpl.invoke0(Native Method)at sun.reflect.NativeMethodAccessorImpl.invoke(NativeMethodAccessorImpl.java:62)at sun.reflect.DelegatingMethodAccessorImpl.invoke(DelegatingMethodAccessorImpl.java:43)at java.lang.reflect.Method.invoke(Method.java:483)at org.apache.maven.surefire.util.ReflectionUtils.invokeMethodWithArray(ReflectionUtils.java:189)at org.apache.maven.surefire.booter.ProviderFactory$ProviderProxy.invoke(ProviderFactory.java:165)at org.apache.maven.surefire.booter.ProviderFactory.invokeProvider(ProviderFactory.java:85)at org.apache.maven.surefire.booter.ForkedBooter.runSuitesInProcess(ForkedBooter.java:115)at org.apache.maven.surefire.booter.ForkedBooter.main(ForkedBooter.java:75)</pre></div></div></td>
<td></td></tr>
<tr class="a">
<td><img src="images/icon_success_sml.gif" alt="" /></td>
<td>test_Title_Validation[Iteration # 8 : exp: SILVACO; act: SILVACO]</td>
<td>0</td></tr>
<tr class="b">
<td><a href="#core.SeleniumTest.test_Title_Validation[Iteration # 9 : exp: Welcome to Facebook - Log In, Sign Up or Learn More&quot;; act: Welcome to Facebook - Log In, Sign Up or Learn More]"><img src="images/icon_error_sml.gif" alt="" /></a></td>
<td><a href="#core.SeleniumTest.test_Title_Validation[Iteration # 9 : exp: Welcome to Facebook - Log In, Sign Up or Learn More&quot;; act: Welcome to Facebook - Log In, Sign Up or Learn More]">test_Title_Validation[Iteration # 9 : exp: Welcome to Facebook - Log In, Sign Up or Learn More&quot;; act: Welcome to Facebook - Log In, Sign Up or Learn More]</a>
<div class="detailToggle" style="display:inline"><a href="javascript:toggleDisplay(&apos;core_SeleniumTest_test_Title_Validation[Iteration # 9 : exp: Welcome to Facebook - Log In, Sign Up or Learn More&quot;; act: Welcome to Facebook - Log In, Sign Up or Learn More]&apos;);"><span style="display:inline;" id="core_SeleniumTest_test_Title_Validation[Iteration # 9 : exp: Welcome to Facebook - Log In, Sign Up or Learn More&quot;; act: Welcome to Facebook - Log In, Sign Up or Learn More]off"> + </span><span style="display:none;" id="core_SeleniumTest_test_Title_Validation[Iteration # 9 : exp: Welcome to Facebook - Log In, Sign Up or Learn More&quot;; act: Welcome to Facebook - Log In, Sign Up or Learn More]on"> - </span>[ Detail ]</a></div></td>
<td>0.001</td></tr>
<tr class="a">
<td></td>
<td>FAILED expected:&lt;...ign Up or Learn More[&quot;]&gt; but was:&lt;...ign Up or Learn More[]&gt;</td>
<td></td></tr>
<tr class="b">
<td></td>
<td>
<div id="core_SeleniumTest_test_Title_Validation[Iteration # 9 : exp: Welcome to Facebook - Log In, Sign Up or Learn More&quot;; act: Welcome to Facebook - Log In, Sign Up or Learn More]error" style="display:none;">
<div>
<pre>org.junit.ComparisonFailure: FAILED expected:&lt;...ign Up or Learn More[&quot;]&gt; but was:&lt;...ign Up or Learn More[]&gt;at org.junit.Assert.assertEquals(Assert.java:115)at core.SeleniumTest.test_Title_Validation(SeleniumTest.java:47)at sun.reflect.NativeMethodAccessorImpl.invoke0(Native Method)at sun.reflect.NativeMethodAccessorImpl.invoke(NativeMethodAccessorImpl.java:62)at sun.reflect.DelegatingMethodAccessorImpl.invoke(DelegatingMethodAccessorImpl.java:43)at java.lang.reflect.Method.invoke(Method.java:483)at org.junit.runners.model.FrameworkMethod$1.runReflectiveCall(FrameworkMethod.java:50)at org.junit.internal.runners.model.ReflectiveCallable.run(ReflectiveCallable.java:12)at org.junit.runners.model.FrameworkMethod.invokeExplosively(FrameworkMethod.java:47)at org.junit.internal.runners.statements.InvokeMethod.evaluate(InvokeMethod.java:17)at org.junit.runners.ParentRunner.runLeaf(ParentRunner.java:325)at org.junit.runners.BlockJUnit4ClassRunner.runChild(BlockJUnit4ClassRunner.java:78)at org.junit.runners.BlockJUnit4ClassRunner.runChild(BlockJUnit4ClassRunner.java:57)at org.junit.runners.ParentRunner$3.run(ParentRunner.java:290)at org.junit.runners.ParentRunner$1.schedule(ParentRunner.java:71)at org.junit.runners.ParentRunner.runChildren(ParentRunner.java:288)at org.junit.runners.ParentRunner.access$000(ParentRunner.java:58)at org.junit.runners.ParentRunner$2.evaluate(ParentRunner.java:268)at org.junit.runners.ParentRunner.run(ParentRunner.java:363)at org.junit.runners.Suite.runChild(Suite.java:128)at org.junit.runners.Suite.runChild(Suite.java:27)at org.junit.runners.ParentRunner$3.run(ParentRunner.java:290)at org.junit.runners.ParentRunner$1.schedule(ParentRunner.java:71)at org.junit.runners.ParentRunner.runChildren(ParentRunner.java:288)at org.junit.runners.ParentRunner.access$000(ParentRunner.java:58)at org.junit.runners.ParentRunner$2.evaluate(ParentRunner.java:268)at org.junit.internal.runners.statements.RunBefores.evaluate(RunBefores.java:26)at org.junit.runners.ParentRunner.run(ParentRunner.java:363)at org.junit.runners.Suite.runChild(Suite.java:128)at org.junit.runners.Suite.runChild(Suite.java:27)at org.junit.runners.ParentRunner$3.run(ParentRunner.java:290)at org.junit.runners.ParentRunner$1.schedule(ParentRunner.java:71)at org.junit.runners.ParentRunner.runChildren(ParentRunner.java:288)at org.junit.runners.ParentRunner.access$000(ParentRunner.java:58)at org.junit.runners.ParentRunner$2.evaluate(ParentRunner.java:268)at org.junit.runners.ParentRunner.run(ParentRunner.java:363)at org.apache.maven.surefire.junit4.JUnit4Provider.execute(JUnit4Provider.java:252)at org.apache.maven.surefire.junit4.JUnit4Provider.executeTestSet(JUnit4Provider.java:141)at org.apache.maven.surefire.junit4.JUnit4Provider.invoke(JUnit4Provider.java:112)at sun.reflect.NativeMethodAccessorImpl.invoke0(Native Method)at sun.reflect.NativeMethodAccessorImpl.invoke(NativeMethodAccessorImpl.java:62)at sun.reflect.DelegatingMethodAccessorImpl.invoke(DelegatingMethodAccessorImpl.java:43)at java.lang.reflect.Method.invoke(Method.java:483)at org.apache.maven.surefire.util.ReflectionUtils.invokeMethodWithArray(ReflectionUtils.java:189)at org.apache.maven.surefire.booter.ProviderFactory$ProviderProxy.invoke(ProviderFactory.java:165)at org.apache.maven.surefire.booter.ProviderFactory.invokeProvider(ProviderFactory.java:85)at org.apache.maven.surefire.booter.ForkedBooter.runSuitesInProcess(ForkedBooter.java:115)at org.apache.maven.surefire.booter.ForkedBooter.main(ForkedBooter.java:75)</pre></div></div></td>
<td></td></tr>
<tr class="a">
<td><img src="images/icon_success_sml.gif" alt="" /></td>
<td>test_Title_Validation[Iteration # 10 : exp: Gmail - Free Storage and Email from Google; act: Gmail - Free Storage and Email from Google]</td>
<td>0</td></tr>
<tr class="b">
<td><img src="images/icon_success_sml.gif" alt="" /></td>
<td>test_Title_Validation[Iteration # 11 : exp: THE GAME; act: THE GAME]</td>
<td>0</td></tr>
<tr class="a">
<td><img src="images/icon_success_sml.gif" alt="" /></td>
<td>test_Title_Validation[Iteration # 12 : exp: Welcome to this homepage; act: Welcome to this homepage]</td>
<td>0.001</td></tr>
<tr class="b">
<td><a class="externalLink" href="#core.SeleniumTest.test_Title_Validation[Iteration # 13 : exp: http://www.marshals.com/; act: ]"><img src="images/icon_error_sml.gif" alt="" /></a></td>
<td><a class="externalLink" href="#core.SeleniumTest.test_Title_Validation[Iteration # 13 : exp: http://www.marshals.com/; act: ]">test_Title_Validation[Iteration # 13 : exp: http://www.marshals.com/; act: ]</a>
<div class="detailToggle" style="display:inline"><a class="externalLink" href="javascript:toggleDisplay(&apos;core_SeleniumTest_test_Title_Validation[Iteration # 13 : exp: http://www_marshals_com/; act: ]&apos;);"><span style="display:inline;" id="core_SeleniumTest_test_Title_Validation[Iteration # 13 : exp: http://www_marshals_com/; act: ]off"> + </span><span style="display:none;" id="core_SeleniumTest_test_Title_Validation[Iteration # 13 : exp: http://www_marshals_com/; act: ]on"> - </span>[ Detail ]</a></div></td>
<td>0</td></tr>
<tr class="a">
<td></td>
<td>FAILED expected:&lt;[http://www.marshals.com/]&gt; but was:&lt;[]&gt;</td>
<td></td></tr>
<tr class="b">
<td></td>
<td>
<div id="core_SeleniumTest_test_Title_Validation[Iteration # 13 : exp: http://www_marshals_com/; act: ]error" style="display:none;">
<div>
<pre>org.junit.ComparisonFailure: FAILED expected:&lt;[http://www.marshals.com/]&gt; but was:&lt;[]&gt;at org.junit.Assert.assertEquals(Assert.java:115)at core.SeleniumTest.test_Title_Validation(SeleniumTest.java:47)at sun.reflect.NativeMethodAccessorImpl.invoke0(Native Method)at sun.reflect.NativeMethodAccessorImpl.invoke(NativeMethodAccessorImpl.java:62)at sun.reflect.DelegatingMethodAccessorImpl.invoke(DelegatingMethodAccessorImpl.java:43)at java.lang.reflect.Method.invoke(Method.java:483)at org.junit.runners.model.FrameworkMethod$1.runReflectiveCall(FrameworkMethod.java:50)at org.junit.internal.runners.model.ReflectiveCallable.run(ReflectiveCallable.java:12)at org.junit.runners.model.FrameworkMethod.invokeExplosively(FrameworkMethod.java:47)at org.junit.internal.runners.statements.InvokeMethod.evaluate(InvokeMethod.java:17)at org.junit.runners.ParentRunner.runLeaf(ParentRunner.java:325)at org.junit.runners.BlockJUnit4ClassRunner.runChild(BlockJUnit4ClassRunner.java:78)at org.junit.runners.BlockJUnit4ClassRunner.runChild(BlockJUnit4ClassRunner.java:57)at org.junit.runners.ParentRunner$3.run(ParentRunner.java:290)at org.junit.runners.ParentRunner$1.schedule(ParentRunner.java:71)at org.junit.runners.ParentRunner.runChildren(ParentRunner.java:288)at org.junit.runners.ParentRunner.access$000(ParentRunner.java:58)at org.junit.runners.ParentRunner$2.evaluate(ParentRunner.java:268)at org.junit.runners.ParentRunner.run(ParentRunner.java:363)at org.junit.runners.Suite.runChild(Suite.java:128)at org.junit.runners.Suite.runChild(Suite.java:27)at org.junit.runners.ParentRunner$3.run(ParentRunner.java:290)at org.junit.runners.ParentRunner$1.schedule(ParentRunner.java:71)at org.junit.runners.ParentRunner.runChildren(ParentRunner.java:288)at org.junit.runners.ParentRunner.access$000(ParentRunner.java:58)at org.junit.runners.ParentRunner$2.evaluate(ParentRunner.java:268)at org.junit.internal.runners.statements.RunBefores.evaluate(RunBefores.java:26)at org.junit.runners.ParentRunner.run(ParentRunner.java:363)at org.junit.runners.Suite.runChild(Suite.java:128)at org.junit.runners.Suite.runChild(Suite.java:27)at org.junit.runners.ParentRunner$3.run(ParentRunner.java:290)at org.junit.runners.ParentRunner$1.schedule(ParentRunner.java:71)at org.junit.runners.ParentRunner.runChildren(ParentRunner.java:288)at org.junit.runners.ParentRunner.access$000(ParentRunner.java:58)at org.junit.runners.ParentRunner$2.evaluate(ParentRunner.java:268)at org.junit.runners.ParentRunner.run(ParentRunner.java:363)at org.apache.maven.surefire.junit4.JUnit4Provider.execute(JUnit4Provider.java:252)at org.apache.maven.surefire.junit4.JUnit4Provider.executeTestSet(JUnit4Provider.java:141)at org.apache.maven.surefire.junit4.JUnit4Provider.invoke(JUnit4Provider.java:112)at sun.reflect.NativeMethodAccessorImpl.invoke0(Native Method)at sun.reflect.NativeMethodAccessorImpl.invoke(NativeMethodAccessorImpl.java:62)at sun.reflect.DelegatingMethodAccessorImpl.invoke(DelegatingMethodAccessorImpl.java:43)at java.lang.reflect.Method.invoke(Method.java:483)at org.apache.maven.surefire.util.ReflectionUtils.invokeMethodWithArray(ReflectionUtils.java:189)at org.apache.maven.surefire.booter.ProviderFactory$ProviderProxy.invoke(ProviderFactory.java:165)at org.apache.maven.surefire.booter.ProviderFactory.invokeProvider(ProviderFactory.java:85)at org.apache.maven.surefire.booter.ForkedBooter.runSuitesInProcess(ForkedBooter.java:115)at org.apache.maven.surefire.booter.ForkedBooter.main(ForkedBooter.java:75)</pre></div></div></td>
<td></td></tr>
<tr class="a">
<td><a href="#core.SeleniumTest.test_Title_Validation[Iteration # 14 : exp: Cheap Tickets: Flights, Hotels &amp; Car Rentals ? CheapOair&quot;; act: Cheap Tickets: Flights, Hotels &amp; Car Rentals − CheapOair]"><img src="images/icon_error_sml.gif" alt="" /></a></td>
<td><a href="#core.SeleniumTest.test_Title_Validation[Iteration # 14 : exp: Cheap Tickets: Flights, Hotels &amp; Car Rentals ? CheapOair&quot;; act: Cheap Tickets: Flights, Hotels &amp; Car Rentals − CheapOair]">test_Title_Validation[Iteration # 14 : exp: Cheap Tickets: Flights, Hotels &amp; Car Rentals ? CheapOair&quot;; act: Cheap Tickets: Flights, Hotels &amp; Car Rentals &#x2212; CheapOair]</a>
<div class="detailToggle" style="display:inline"><a href="javascript:toggleDisplay(&apos;core_SeleniumTest_test_Title_Validation[Iteration # 14 : exp: Cheap Tickets: Flights, Hotels &amp; Car Rentals ? CheapOair&quot;; act: Cheap Tickets: Flights, Hotels &amp; Car Rentals − CheapOair]&apos;);"><span style="display:inline;" id="core_SeleniumTest_test_Title_Validation[Iteration # 14 : exp: Cheap Tickets: Flights, Hotels &amp; Car Rentals ? CheapOair&quot;; act: Cheap Tickets: Flights, Hotels &amp; Car Rentals &#x2212; CheapOair]off"> + </span><span style="display:none;" id="core_SeleniumTest_test_Title_Validation[Iteration # 14 : exp: Cheap Tickets: Flights, Hotels &amp; Car Rentals ? CheapOair&quot;; act: Cheap Tickets: Flights, Hotels &amp; Car Rentals &#x2212; CheapOair]on"> - </span>[ Detail ]</a></div></td>
<td>0</td></tr>
<tr class="b">
<td></td>
<td>FAILED expected:&lt;...otels &amp; Car Rentals [? CheapOair&quot;]&gt; but was:&lt;...otels &amp; Car Rentals [&#x2212; CheapOair]&gt;</td>
<td></td></tr>
<tr class="a">
<td></td>
<td>
<div id="core_SeleniumTest_test_Title_Validation[Iteration # 14 : exp: Cheap Tickets: Flights, Hotels &amp; Car Rentals ? CheapOair&quot;; act: Cheap Tickets: Flights, Hotels &amp; Car Rentals &#x2212; CheapOair]error" style="display:none;">
<div>
<pre>org.junit.ComparisonFailure: FAILED expected:&lt;...otels &amp; Car Rentals [? CheapOair&quot;]&gt; but was:&lt;...otels &amp; Car Rentals [&#x2212; CheapOair]&gt;at org.junit.Assert.assertEquals(Assert.java:115)at core.SeleniumTest.test_Title_Validation(SeleniumTest.java:47)at sun.reflect.NativeMethodAccessorImpl.invoke0(Native Method)at sun.reflect.NativeMethodAccessorImpl.invoke(NativeMethodAccessorImpl.java:62)at sun.reflect.DelegatingMethodAccessorImpl.invoke(DelegatingMethodAccessorImpl.java:43)at java.lang.reflect.Method.invoke(Method.java:483)at org.junit.runners.model.FrameworkMethod$1.runReflectiveCall(FrameworkMethod.java:50)at org.junit.internal.runners.model.ReflectiveCallable.run(ReflectiveCallable.java:12)at org.junit.runners.model.FrameworkMethod.invokeExplosively(FrameworkMethod.java:47)at org.junit.internal.runners.statements.InvokeMethod.evaluate(InvokeMethod.java:17)at org.junit.runners.ParentRunner.runLeaf(ParentRunner.java:325)at org.junit.runners.BlockJUnit4ClassRunner.runChild(BlockJUnit4ClassRunner.java:78)at org.junit.runners.BlockJUnit4ClassRunner.runChild(BlockJUnit4ClassRunner.java:57)at org.junit.runners.ParentRunner$3.run(ParentRunner.java:290)at org.junit.runners.ParentRunner$1.schedule(ParentRunner.java:71)at org.junit.runners.ParentRunner.runChildren(ParentRunner.java:288)at org.junit.runners.ParentRunner.access$000(ParentRunner.java:58)at org.junit.runners.ParentRunner$2.evaluate(ParentRunner.java:268)at org.junit.runners.ParentRunner.run(ParentRunner.java:363)at org.junit.runners.Suite.runChild(Suite.java:128)at org.junit.runners.Suite.runChild(Suite.java:27)at org.junit.runners.ParentRunner$3.run(ParentRunner.java:290)at org.junit.runners.ParentRunner$1.schedule(ParentRunner.java:71)at org.junit.runners.ParentRunner.runChildren(ParentRunner.java:288)at org.junit.runners.ParentRunner.access$000(ParentRunner.java:58)at org.junit.runners.ParentRunner$2.evaluate(ParentRunner.java:268)at org.junit.internal.runners.statements.RunBefores.evaluate(RunBefores.java:26)at org.junit.runners.ParentRunner.run(ParentRunner.java:363)at org.junit.runners.Suite.runChild(Suite.java:128)at org.junit.runners.Suite.runChild(Suite.java:27)at org.junit.runners.ParentRunner$3.run(ParentRunner.java:290)at org.junit.runners.ParentRunner$1.schedule(ParentRunner.java:71)at org.junit.runners.ParentRunner.runChildren(ParentRunner.java:288)at org.junit.runners.ParentRunner.access$000(ParentRunner.java:58)at org.junit.runners.ParentRunner$2.evaluate(ParentRunner.java:268)at org.junit.runners.ParentRunner.run(ParentRunner.java:363)at org.apache.maven.surefire.junit4.JUnit4Provider.execute(JUnit4Provider.java:252)at org.apache.maven.surefire.junit4.JUnit4Provider.executeTestSet(JUnit4Provider.java:141)at org.apache.maven.surefire.junit4.JUnit4Provider.invoke(JUnit4Provider.java:112)at sun.reflect.NativeMethodAccessorImpl.invoke0(Native Method)at sun.reflect.NativeMethodAccessorImpl.invoke(NativeMethodAccessorImpl.java:62)at sun.reflect.DelegatingMethodAccessorImpl.invoke(DelegatingMethodAccessorImpl.java:43)at java.lang.reflect.Method.invoke(Method.java:483)at org.apache.maven.surefire.util.ReflectionUtils.invokeMethodWithArray(ReflectionUtils.java:189)at org.apache.maven.surefire.booter.ProviderFactory$ProviderProxy.invoke(ProviderFactory.java:165)at org.apache.maven.surefire.booter.ProviderFactory.invokeProvider(ProviderFactory.java:85)at org.apache.maven.surefire.booter.ForkedBooter.runSuitesInProcess(ForkedBooter.java:115)at org.apache.maven.surefire.booter.ForkedBooter.main(ForkedBooter.java:75)</pre></div></div></td>
<td></td></tr>
<tr class="b">
<td><a href="#core.SeleniumTest.test_Title_Validation[Iteration # 15 : exp: Reviews of Hotels, Flights and Vacation Rentals - TripAdvisor&quot;; act: Reviews of Hotels, Flights and Vacation Rentals - TripAdvisor]"><img src="images/icon_error_sml.gif" alt="" /></a></td>
<td><a href="#core.SeleniumTest.test_Title_Validation[Iteration # 15 : exp: Reviews of Hotels, Flights and Vacation Rentals - TripAdvisor&quot;; act: Reviews of Hotels, Flights and Vacation Rentals - TripAdvisor]">test_Title_Validation[Iteration # 15 : exp: Reviews of Hotels, Flights and Vacation Rentals - TripAdvisor&quot;; act: Reviews of Hotels, Flights and Vacation Rentals - TripAdvisor]</a>
<div class="detailToggle" style="display:inline"><a href="javascript:toggleDisplay(&apos;core_SeleniumTest_test_Title_Validation[Iteration # 15 : exp: Reviews of Hotels, Flights and Vacation Rentals - TripAdvisor&quot;; act: Reviews of Hotels, Flights and Vacation Rentals - TripAdvisor]&apos;);"><span style="display:inline;" id="core_SeleniumTest_test_Title_Validation[Iteration # 15 : exp: Reviews of Hotels, Flights and Vacation Rentals - TripAdvisor&quot;; act: Reviews of Hotels, Flights and Vacation Rentals - TripAdvisor]off"> + </span><span style="display:none;" id="core_SeleniumTest_test_Title_Validation[Iteration # 15 : exp: Reviews of Hotels, Flights and Vacation Rentals - TripAdvisor&quot;; act: Reviews of Hotels, Flights and Vacation Rentals - TripAdvisor]on"> - </span>[ Detail ]</a></div></td>
<td>0.001</td></tr>
<tr class="a">
<td></td>
<td>FAILED expected:&lt;...entals - TripAdvisor[&quot;]&gt; but was:&lt;...entals - TripAdvisor[]&gt;</td>
<td></td></tr>
<tr class="b">
<td></td>
<td>
<div id="core_SeleniumTest_test_Title_Validation[Iteration # 15 : exp: Reviews of Hotels, Flights and Vacation Rentals - TripAdvisor&quot;; act: Reviews of Hotels, Flights and Vacation Rentals - TripAdvisor]error" style="display:none;">
<div>
<pre>org.junit.ComparisonFailure: FAILED expected:&lt;...entals - TripAdvisor[&quot;]&gt; but was:&lt;...entals - TripAdvisor[]&gt;at org.junit.Assert.assertEquals(Assert.java:115)at core.SeleniumTest.test_Title_Validation(SeleniumTest.java:47)at sun.reflect.NativeMethodAccessorImpl.invoke0(Native Method)at sun.reflect.NativeMethodAccessorImpl.invoke(NativeMethodAccessorImpl.java:62)at sun.reflect.DelegatingMethodAccessorImpl.invoke(DelegatingMethodAccessorImpl.java:43)at java.lang.reflect.Method.invoke(Method.java:483)at org.junit.runners.model.FrameworkMethod$1.runReflectiveCall(FrameworkMethod.java:50)at org.junit.internal.runners.model.ReflectiveCallable.run(ReflectiveCallable.java:12)at org.junit.runners.model.FrameworkMethod.invokeExplosively(FrameworkMethod.java:47)at org.junit.internal.runners.statements.InvokeMethod.evaluate(InvokeMethod.java:17)at org.junit.runners.ParentRunner.runLeaf(ParentRunner.java:325)at org.junit.runners.BlockJUnit4ClassRunner.runChild(BlockJUnit4ClassRunner.java:78)at org.junit.runners.BlockJUnit4ClassRunner.runChild(BlockJUnit4ClassRunner.java:57)at org.junit.runners.ParentRunner$3.run(ParentRunner.java:290)at org.junit.runners.ParentRunner$1.schedule(ParentRunner.java:71)at org.junit.runners.ParentRunner.runChildren(ParentRunner.java:288)at org.junit.runners.ParentRunner.access$000(ParentRunner.java:58)at org.junit.runners.ParentRunner$2.evaluate(ParentRunner.java:268)at org.junit.runners.ParentRunner.run(ParentRunner.java:363)at org.junit.runners.Suite.runChild(Suite.java:128)at org.junit.runners.Suite.runChild(Suite.java:27)at org.junit.runners.ParentRunner$3.run(ParentRunner.java:290)at org.junit.runners.ParentRunner$1.schedule(ParentRunner.java:71)at org.junit.runners.ParentRunner.runChildren(ParentRunner.java:288)at org.junit.runners.ParentRunner.access$000(ParentRunner.java:58)at org.junit.runners.ParentRunner$2.evaluate(ParentRunner.java:268)at org.junit.internal.runners.statements.RunBefores.evaluate(RunBefores.java:26)at org.junit.runners.ParentRunner.run(ParentRunner.java:363)at org.junit.runners.Suite.runChild(Suite.java:128)at org.junit.runners.Suite.runChild(Suite.java:27)at org.junit.runners.ParentRunner$3.run(ParentRunner.java:290)at org.junit.runners.ParentRunner$1.schedule(ParentRunner.java:71)at org.junit.runners.ParentRunner.runChildren(ParentRunner.java:288)at org.junit.runners.ParentRunner.access$000(ParentRunner.java:58)at org.junit.runners.ParentRunner$2.evaluate(ParentRunner.java:268)at org.junit.runners.ParentRunner.run(ParentRunner.java:363)at org.apache.maven.surefire.junit4.JUnit4Provider.execute(JUnit4Provider.java:252)at org.apache.maven.surefire.junit4.JUnit4Provider.executeTestSet(JUnit4Provider.java:141)at org.apache.maven.surefire.junit4.JUnit4Provider.invoke(JUnit4Provider.java:112)at sun.reflect.NativeMethodAccessorImpl.invoke0(Native Method)at sun.reflect.NativeMethodAccessorImpl.invoke(NativeMethodAccessorImpl.java:62)at sun.reflect.DelegatingMethodAccessorImpl.invoke(DelegatingMethodAccessorImpl.java:43)at java.lang.reflect.Method.invoke(Method.java:483)at org.apache.maven.surefire.util.ReflectionUtils.invokeMethodWithArray(ReflectionUtils.java:189)at org.apache.maven.surefire.booter.ProviderFactory$ProviderProxy.invoke(ProviderFactory.java:165)at org.apache.maven.surefire.booter.ProviderFactory.invokeProvider(ProviderFactory.java:85)at org.apache.maven.surefire.booter.ForkedBooter.runSuitesInProcess(ForkedBooter.java:115)at org.apache.maven.surefire.booter.ForkedBooter.main(ForkedBooter.java:75)</pre></div></div></td>
<td></td></tr>
<tr class="a">
<td><img src="images/icon_success_sml.gif" alt="" /></td>
<td>test_Title_Validation[Iteration # 16 : exp: Cheap flights - Search and Compare Flights with momondo; act: Cheap flights - Search and Compare Flights with momondo]</td>
<td>0</td></tr>
<tr class="b">
<td><a href="#core.SeleniumTest.test_Title_Validation[Iteration # 17 : exp: Liberty Travel | Travel Agency | America&amp;apos Vacation Experts; act: Liberty Travel | Travel Agency | America&apos;s Vacation Experts]"><img src="images/icon_error_sml.gif" alt="" /></a></td>
<td><a href="#core.SeleniumTest.test_Title_Validation[Iteration # 17 : exp: Liberty Travel | Travel Agency | America&amp;apos Vacation Experts; act: Liberty Travel | Travel Agency | America&apos;s Vacation Experts]">test_Title_Validation[Iteration # 17 : exp: Liberty Travel | Travel Agency | America&amp;apos Vacation Experts; act: Liberty Travel | Travel Agency | America's Vacation Experts]</a>
<div class="detailToggle" style="display:inline"><a href="javascript:toggleDisplay(&apos;core_SeleniumTest_test_Title_Validation[Iteration # 17 : exp: Liberty Travel | Travel Agency | America&amp;apos Vacation Experts; act: Liberty Travel | Travel Agency | America&apos;s Vacation Experts]&apos;);"><span style="display:inline;" id="core_SeleniumTest_test_Title_Validation[Iteration # 17 : exp: Liberty Travel | Travel Agency | America&amp;apos Vacation Experts; act: Liberty Travel | Travel Agency | America's Vacation Experts]off"> + </span><span style="display:none;" id="core_SeleniumTest_test_Title_Validation[Iteration # 17 : exp: Liberty Travel | Travel Agency | America&amp;apos Vacation Experts; act: Liberty Travel | Travel Agency | America's Vacation Experts]on"> - </span>[ Detail ]</a></div></td>
<td>0.002</td></tr>
<tr class="a">
<td></td>
<td>FAILED expected:&lt;...vel Agency | America[&amp;apo]s Vacation Experts&gt; but was:&lt;...vel Agency | America[']s Vacation Experts&gt;</td>
<td></td></tr>
<tr class="b">
<td></td>
<td>
<div id="core_SeleniumTest_test_Title_Validation[Iteration # 17 : exp: Liberty Travel | Travel Agency | America&amp;apos Vacation Experts; act: Liberty Travel | Travel Agency | America's Vacation Experts]error" style="display:none;">
<div>
<pre>org.junit.ComparisonFailure: FAILED expected:&lt;...vel Agency | America[&amp;apo]s Vacation Experts&gt; but was:&lt;...vel Agency | America[']s Vacation Experts&gt;at org.junit.Assert.assertEquals(Assert.java:115)at core.SeleniumTest.test_Title_Validation(SeleniumTest.java:47)at sun.reflect.GeneratedMethodAccessor5.invoke(Unknown Source)at sun.reflect.DelegatingMethodAccessorImpl.invoke(DelegatingMethodAccessorImpl.java:43)at java.lang.reflect.Method.invoke(Method.java:483)at org.junit.runners.model.FrameworkMethod$1.runReflectiveCall(FrameworkMethod.java:50)at org.junit.internal.runners.model.ReflectiveCallable.run(ReflectiveCallable.java:12)at org.junit.runners.model.FrameworkMethod.invokeExplosively(FrameworkMethod.java:47)at org.junit.internal.runners.statements.InvokeMethod.evaluate(InvokeMethod.java:17)at org.junit.runners.ParentRunner.runLeaf(ParentRunner.java:325)at org.junit.runners.BlockJUnit4ClassRunner.runChild(BlockJUnit4ClassRunner.java:78)at org.junit.runners.BlockJUnit4ClassRunner.runChild(BlockJUnit4ClassRunner.java:57)at org.junit.runners.ParentRunner$3.run(ParentRunner.java:290)at org.junit.runners.ParentRunner$1.schedule(ParentRunner.java:71)at org.junit.runners.ParentRunner.runChildren(ParentRunner.java:288)at org.junit.runners.ParentRunner.access$000(ParentRunner.java:58)at org.junit.runners.ParentRunner$2.evaluate(ParentRunner.java:268)at org.junit.runners.ParentRunner.run(ParentRunner.java:363)at org.junit.runners.Suite.runChild(Suite.java:128)at org.junit.runners.Suite.runChild(Suite.java:27)at org.junit.runners.ParentRunner$3.run(ParentRunner.java:290)at org.junit.runners.ParentRunner$1.schedule(ParentRunner.java:71)at org.junit.runners.ParentRunner.runChildren(ParentRunner.java:288)at org.junit.runners.ParentRunner.access$000(ParentRunner.java:58)at org.junit.runners.ParentRunner$2.evaluate(ParentRunner.java:268)at org.junit.internal.runners.statements.RunBefores.evaluate(RunBefores.java:26)at org.junit.runners.ParentRunner.run(ParentRunner.java:363)at org.junit.runners.Suite.runChild(Suite.java:128)at org.junit.runners.Suite.runChild(Suite.java:27)at org.junit.runners.ParentRunner$3.run(ParentRunner.java:290)at org.junit.runners.ParentRunner$1.schedule(ParentRunner.java:71)at org.junit.runners.ParentRunner.runChildren(ParentRunner.java:288)at org.junit.runners.ParentRunner.access$000(ParentRunner.java:58)at org.junit.runners.ParentRunner$2.evaluate(ParentRunner.java:268)at org.junit.runners.ParentRunner.run(ParentRunner.java:363)at org.apache.maven.surefire.junit4.JUnit4Provider.execute(JUnit4Provider.java:252)at org.apache.maven.surefire.junit4.JUnit4Provider.executeTestSet(JUnit4Provider.java:141)at org.apache.maven.surefire.junit4.JUnit4Provider.invoke(JUnit4Provider.java:112)at sun.reflect.NativeMethodAccessorImpl.invoke0(Native Method)at sun.reflect.NativeMethodAccessorImpl.invoke(NativeMethodAccessorImpl.java:62)at sun.reflect.DelegatingMethodAccessorImpl.invoke(DelegatingMethodAccessorImpl.java:43)at java.lang.reflect.Method.invoke(Method.java:483)at org.apache.maven.surefire.util.ReflectionUtils.invokeMethodWithArray(ReflectionUtils.java:189)at org.apache.maven.surefire.booter.ProviderFactory$ProviderProxy.invoke(ProviderFactory.java:165)at org.apache.maven.surefire.booter.ProviderFactory.invokeProvider(ProviderFactory.java:85)at org.apache.maven.surefire.booter.ForkedBooter.runSuitesInProcess(ForkedBooter.java:115)at org.apache.maven.surefire.booter.ForkedBooter.main(ForkedBooter.java:75)</pre></div></div></td>
<td></td></tr>
<tr class="a">
<td><a href="#core.SeleniumTest.test_Title_Validation[Iteration # 18 : exp: Liberty Travel | Travel Agency | America&amp;apos Vacation Experts; act: Liberty Travel | Travel Agency | America&apos;s Vacation Experts]"><img src="images/icon_error_sml.gif" alt="" /></a></td>
<td><a href="#core.SeleniumTest.test_Title_Validation[Iteration # 18 : exp: Liberty Travel | Travel Agency | America&amp;apos Vacation Experts; act: Liberty Travel | Travel Agency | America&apos;s Vacation Experts]">test_Title_Validation[Iteration # 18 : exp: Liberty Travel | Travel Agency | America&amp;apos Vacation Experts; act: Liberty Travel | Travel Agency | America's Vacation Experts]</a>
<div class="detailToggle" style="display:inline"><a href="javascript:toggleDisplay(&apos;core_SeleniumTest_test_Title_Validation[Iteration # 18 : exp: Liberty Travel | Travel Agency | America&amp;apos Vacation Experts; act: Liberty Travel | Travel Agency | America&apos;s Vacation Experts]&apos;);"><span style="display:inline;" id="core_SeleniumTest_test_Title_Validation[Iteration # 18 : exp: Liberty Travel | Travel Agency | America&amp;apos Vacation Experts; act: Liberty Travel | Travel Agency | America's Vacation Experts]off"> + </span><span style="display:none;" id="core_SeleniumTest_test_Title_Validation[Iteration # 18 : exp: Liberty Travel | Travel Agency | America&amp;apos Vacation Experts; act: Liberty Travel | Travel Agency | America's Vacation Experts]on"> - </span>[ Detail ]</a></div></td>
<td>0.01</td></tr>
<tr class="b">
<td></td>
<td>FAILED expected:&lt;...vel Agency | America[&amp;apo]s Vacation Experts&gt; but was:&lt;...vel Agency | America[']s Vacation Experts&gt;</td>
<td></td></tr>
<tr class="a">
<td></td>
<td>
<div id="core_SeleniumTest_test_Title_Validation[Iteration # 18 : exp: Liberty Travel | Travel Agency | America&amp;apos Vacation Experts; act: Liberty Travel | Travel Agency | America's Vacation Experts]error" style="display:none;">
<div>
<pre>org.junit.ComparisonFailure: FAILED expected:&lt;...vel Agency | America[&amp;apo]s Vacation Experts&gt; but was:&lt;...vel Agency | America[']s Vacation Experts&gt;at org.junit.Assert.assertEquals(Assert.java:115)at core.SeleniumTest.test_Title_Validation(SeleniumTest.java:47)at sun.reflect.GeneratedMethodAccessor5.invoke(Unknown Source)at sun.reflect.DelegatingMethodAccessorImpl.invoke(DelegatingMethodAccessorImpl.java:43)at java.lang.reflect.Method.invoke(Method.java:483)at org.junit.runners.model.FrameworkMethod$1.runReflectiveCall(FrameworkMethod.java:50)at org.junit.internal.runners.model.ReflectiveCallable.run(ReflectiveCallable.java:12)at org.junit.runners.model.FrameworkMethod.invokeExplosively(FrameworkMethod.java:47)at org.junit.internal.runners.statements.InvokeMethod.evaluate(InvokeMethod.java:17)at org.junit.runners.ParentRunner.runLeaf(ParentRunner.java:325)at org.junit.runners.BlockJUnit4ClassRunner.runChild(BlockJUnit4ClassRunner.java:78)at org.junit.runners.BlockJUnit4ClassRunner.runChild(BlockJUnit4ClassRunner.java:57)at org.junit.runners.ParentRunner$3.run(ParentRunner.java:290)at org.junit.runners.ParentRunner$1.schedule(ParentRunner.java:71)at org.junit.runners.ParentRunner.runChildren(ParentRunner.java:288)at org.junit.runners.ParentRunner.access$000(ParentRunner.java:58)at org.junit.runners.ParentRunner$2.evaluate(ParentRunner.java:268)at org.junit.runners.ParentRunner.run(ParentRunner.java:363)at org.junit.runners.Suite.runChild(Suite.java:128)at org.junit.runners.Suite.runChild(Suite.java:27)at org.junit.runners.ParentRunner$3.run(ParentRunner.java:290)at org.junit.runners.ParentRunner$1.schedule(ParentRunner.java:71)at org.junit.runners.ParentRunner.runChildren(ParentRunner.java:288)at org.junit.runners.ParentRunner.access$000(ParentRunner.java:58)at org.junit.runners.ParentRunner$2.evaluate(ParentRunner.java:268)at org.junit.internal.runners.statements.RunBefores.evaluate(RunBefores.java:26)at org.junit.runners.ParentRunner.run(ParentRunner.java:363)at org.junit.runners.Suite.runChild(Suite.java:128)at org.junit.runners.Suite.runChild(Suite.java:27)at org.junit.runners.ParentRunner$3.run(ParentRunner.java:290)at org.junit.runners.ParentRunner$1.schedule(ParentRunner.java:71)at org.junit.runners.ParentRunner.runChildren(ParentRunner.java:288)at org.junit.runners.ParentRunner.access$000(ParentRunner.java:58)at org.junit.runners.ParentRunner$2.evaluate(ParentRunner.java:268)at org.junit.runners.ParentRunner.run(ParentRunner.java:363)at org.apache.maven.surefire.junit4.JUnit4Provider.execute(JUnit4Provider.java:252)at org.apache.maven.surefire.junit4.JUnit4Provider.executeTestSet(JUnit4Provider.java:141)at org.apache.maven.surefire.junit4.JUnit4Provider.invoke(JUnit4Provider.java:112)at sun.reflect.NativeMethodAccessorImpl.invoke0(Native Method)at sun.reflect.NativeMethodAccessorImpl.invoke(NativeMethodAccessorImpl.java:62)at sun.reflect.DelegatingMethodAccessorImpl.invoke(DelegatingMethodAccessorImpl.java:43)at java.lang.reflect.Method.invoke(Method.java:483)at org.apache.maven.surefire.util.ReflectionUtils.invokeMethodWithArray(ReflectionUtils.java:189)at org.apache.maven.surefire.booter.ProviderFactory$ProviderProxy.invoke(ProviderFactory.java:165)at org.apache.maven.surefire.booter.ProviderFactory.invokeProvider(ProviderFactory.java:85)at org.apache.maven.surefire.booter.ForkedBooter.runSuitesInProcess(ForkedBooter.java:115)at org.apache.maven.surefire.booter.ForkedBooter.main(ForkedBooter.java:75)</pre></div></div></td>
<td></td></tr>
<tr class="b">
<td><img src="images/icon_success_sml.gif" alt="" /></td>
<td>test_Title_Validation[Iteration # 19 : exp: Cheap Flights - Find Cheap Airline Tickets with Skyscanner; act: Cheap Flights - Find Cheap Airline Tickets with Skyscanner]</td>
<td>0</td></tr>
<tr class="a">
<td><img src="images/icon_success_sml.gif" alt="" /></td>
<td>test_Title_Validation[Iteration # 20 : exp: Flight offers - book cheap flights - Lufthansa Lufthansa &#xae; Ireland; act: Flight offers - book cheap flights - Lufthansa Lufthansa &#xae; Ireland]</td>
<td>0.001</td></tr>
<tr class="b">
<td><a href="#core.SeleniumTest.test_Title_Validation[Iteration # 21 : exp: New Cars, Used Cars, Car Reviews | Cars.com&quot;; act: New Cars, Used Cars, Car Reviews | Cars.com]"><img src="images/icon_error_sml.gif" alt="" /></a></td>
<td><a href="#core.SeleniumTest.test_Title_Validation[Iteration # 21 : exp: New Cars, Used Cars, Car Reviews | Cars.com&quot;; act: New Cars, Used Cars, Car Reviews | Cars.com]">test_Title_Validation[Iteration # 21 : exp: New Cars, Used Cars, Car Reviews | Cars.com&quot;; act: New Cars, Used Cars, Car Reviews | Cars.com]</a>
<div class="detailToggle" style="display:inline"><a href="javascript:toggleDisplay(&apos;core_SeleniumTest_test_Title_Validation[Iteration # 21 : exp: New Cars, Used Cars, Car Reviews | Cars_com&quot;; act: New Cars, Used Cars, Car Reviews | Cars_com]&apos;);"><span style="display:inline;" id="core_SeleniumTest_test_Title_Validation[Iteration # 21 : exp: New Cars, Used Cars, Car Reviews | Cars_com&quot;; act: New Cars, Used Cars, Car Reviews | Cars_com]off"> + </span><span style="display:none;" id="core_SeleniumTest_test_Title_Validation[Iteration # 21 : exp: New Cars, Used Cars, Car Reviews | Cars_com&quot;; act: New Cars, Used Cars, Car Reviews | Cars_com]on"> - </span>[ Detail ]</a></div></td>
<td>0</td></tr>
<tr class="a">
<td></td>
<td>FAILED expected:&lt;...r Reviews | Cars.com[&quot;]&gt; but was:&lt;...r Reviews | Cars.com[]&gt;</td>
<td></td></tr>
<tr class="b">
<td></td>
<td>
<div id="core_SeleniumTest_test_Title_Validation[Iteration # 21 : exp: New Cars, Used Cars, Car Reviews | Cars_com&quot;; act: New Cars, Used Cars, Car Reviews | Cars_com]error" style="display:none;">
<div>
<pre>org.junit.ComparisonFailure: FAILED expected:&lt;...r Reviews | Cars.com[&quot;]&gt; but was:&lt;...r Reviews | Cars.com[]&gt;at org.junit.Assert.assertEquals(Assert.java:115)at core.SeleniumTest.test_Title_Validation(SeleniumTest.java:47)at sun.reflect.GeneratedMethodAccessor5.invoke(Unknown Source)at sun.reflect.DelegatingMethodAccessorImpl.invoke(DelegatingMethodAccessorImpl.java:43)at java.lang.reflect.Method.invoke(Method.java:483)at org.junit.runners.model.FrameworkMethod$1.runReflectiveCall(FrameworkMethod.java:50)at org.junit.internal.runners.model.ReflectiveCallable.run(ReflectiveCallable.java:12)at org.junit.runners.model.FrameworkMethod.invokeExplosively(FrameworkMethod.java:47)at org.junit.internal.runners.statements.InvokeMethod.evaluate(InvokeMethod.java:17)at org.junit.runners.ParentRunner.runLeaf(ParentRunner.java:325)at org.junit.runners.BlockJUnit4ClassRunner.runChild(BlockJUnit4ClassRunner.java:78)at org.junit.runners.BlockJUnit4ClassRunner.runChild(BlockJUnit4ClassRunner.java:57)at org.junit.runners.ParentRunner$3.run(ParentRunner.java:290)at org.junit.runners.ParentRunner$1.schedule(ParentRunner.java:71)at org.junit.runners.ParentRunner.runChildren(ParentRunner.java:288)at org.junit.runners.ParentRunner.access$000(ParentRunner.java:58)at org.junit.runners.ParentRunner$2.evaluate(ParentRunner.java:268)at org.junit.runners.ParentRunner.run(ParentRunner.java:363)at org.junit.runners.Suite.runChild(Suite.java:128)at org.junit.runners.Suite.runChild(Suite.java:27)at org.junit.runners.ParentRunner$3.run(ParentRunner.java:290)at org.junit.runners.ParentRunner$1.schedule(ParentRunner.java:71)at org.junit.runners.ParentRunner.runChildren(ParentRunner.java:288)at org.junit.runners.ParentRunner.access$000(ParentRunner.java:58)at org.junit.runners.ParentRunner$2.evaluate(ParentRunner.java:268)at org.junit.internal.runners.statements.RunBefores.evaluate(RunBefores.java:26)at org.junit.runners.ParentRunner.run(ParentRunner.java:363)at org.junit.runners.Suite.runChild(Suite.java:128)at org.junit.runners.Suite.runChild(Suite.java:27)at org.junit.runners.ParentRunner$3.run(ParentRunner.java:290)at org.junit.runners.ParentRunner$1.schedule(ParentRunner.java:71)at org.junit.runners.ParentRunner.runChildren(ParentRunner.java:288)at org.junit.runners.ParentRunner.access$000(ParentRunner.java:58)at org.junit.runners.ParentRunner$2.evaluate(ParentRunner.java:268)at org.junit.runners.ParentRunner.run(ParentRunner.java:363)at org.apache.maven.surefire.junit4.JUnit4Provider.execute(JUnit4Provider.java:252)at org.apache.maven.surefire.junit4.JUnit4Provider.executeTestSet(JUnit4Provider.java:141)at org.apache.maven.surefire.junit4.JUnit4Provider.invoke(JUnit4Provider.java:112)at sun.reflect.NativeMethodAccessorImpl.invoke0(Native Method)at sun.reflect.NativeMethodAccessorImpl.invoke(NativeMethodAccessorImpl.java:62)at sun.reflect.DelegatingMethodAccessorImpl.invoke(DelegatingMethodAccessorImpl.java:43)at java.lang.reflect.Method.invoke(Method.java:483)at org.apache.maven.surefire.util.ReflectionUtils.invokeMethodWithArray(ReflectionUtils.java:189)at org.apache.maven.surefire.booter.ProviderFactory$ProviderProxy.invoke(ProviderFactory.java:165)at org.apache.maven.surefire.booter.ProviderFactory.invokeProvider(ProviderFactory.java:85)at org.apache.maven.surefire.booter.ForkedBooter.runSuitesInProcess(ForkedBooter.java:115)at org.apache.maven.surefire.booter.ForkedBooter.main(ForkedBooter.java:75)</pre></div></div></td>
<td></td></tr>
<tr class="a">
<td><a href="#core.SeleniumTest.test_Title_Validation[Iteration # 22 : exp: Buy and Sell Tickets: Concerts, Sports &amp; Theater | Vivid Seats&quot;; act: Buy and Sell Tickets: Concerts, Sports &amp; Theater | Vivid Seats]"><img src="images/icon_error_sml.gif" alt="" /></a></td>
<td><a href="#core.SeleniumTest.test_Title_Validation[Iteration # 22 : exp: Buy and Sell Tickets: Concerts, Sports &amp; Theater | Vivid Seats&quot;; act: Buy and Sell Tickets: Concerts, Sports &amp; Theater | Vivid Seats]">test_Title_Validation[Iteration # 22 : exp: Buy and Sell Tickets: Concerts, Sports &amp; Theater | Vivid Seats&quot;; act: Buy and Sell Tickets: Concerts, Sports &amp; Theater | Vivid Seats]</a>
<div class="detailToggle" style="display:inline"><a href="javascript:toggleDisplay(&apos;core_SeleniumTest_test_Title_Validation[Iteration # 22 : exp: Buy and Sell Tickets: Concerts, Sports &amp; Theater | Vivid Seats&quot;; act: Buy and Sell Tickets: Concerts, Sports &amp; Theater | Vivid Seats]&apos;);"><span style="display:inline;" id="core_SeleniumTest_test_Title_Validation[Iteration # 22 : exp: Buy and Sell Tickets: Concerts, Sports &amp; Theater | Vivid Seats&quot;; act: Buy and Sell Tickets: Concerts, Sports &amp; Theater | Vivid Seats]off"> + </span><span style="display:none;" id="core_SeleniumTest_test_Title_Validation[Iteration # 22 : exp: Buy and Sell Tickets: Concerts, Sports &amp; Theater | Vivid Seats&quot;; act: Buy and Sell Tickets: Concerts, Sports &amp; Theater | Vivid Seats]on"> - </span>[ Detail ]</a></div></td>
<td>0.001</td></tr>
<tr class="b">
<td></td>
<td>FAILED expected:&lt;...heater | Vivid Seats[&quot;]&gt; but was:&lt;...heater | Vivid Seats[]&gt;</td>
<td></td></tr>
<tr class="a">
<td></td>
<td>
<div id="core_SeleniumTest_test_Title_Validation[Iteration # 22 : exp: Buy and Sell Tickets: Concerts, Sports &amp; Theater | Vivid Seats&quot;; act: Buy and Sell Tickets: Concerts, Sports &amp; Theater | Vivid Seats]error" style="display:none;">
<div>
<pre>org.junit.ComparisonFailure: FAILED expected:&lt;...heater | Vivid Seats[&quot;]&gt; but was:&lt;...heater | Vivid Seats[]&gt;at org.junit.Assert.assertEquals(Assert.java:115)at core.SeleniumTest.test_Title_Validation(SeleniumTest.java:47)at sun.reflect.GeneratedMethodAccessor5.invoke(Unknown Source)at sun.reflect.DelegatingMethodAccessorImpl.invoke(DelegatingMethodAccessorImpl.java:43)at java.lang.reflect.Method.invoke(Method.java:483)at org.junit.runners.model.FrameworkMethod$1.runReflectiveCall(FrameworkMethod.java:50)at org.junit.internal.runners.model.ReflectiveCallable.run(ReflectiveCallable.java:12)at org.junit.runners.model.FrameworkMethod.invokeExplosively(FrameworkMethod.java:47)at org.junit.internal.runners.statements.InvokeMethod.evaluate(InvokeMethod.java:17)at org.junit.runners.ParentRunner.runLeaf(ParentRunner.java:325)at org.junit.runners.BlockJUnit4ClassRunner.runChild(BlockJUnit4ClassRunner.java:78)at org.junit.runners.BlockJUnit4ClassRunner.runChild(BlockJUnit4ClassRunner.java:57)at org.junit.runners.ParentRunner$3.run(ParentRunner.java:290)at org.junit.runners.ParentRunner$1.schedule(ParentRunner.java:71)at org.junit.runners.ParentRunner.runChildren(ParentRunner.java:288)at org.junit.runners.ParentRunner.access$000(ParentRunner.java:58)at org.junit.runners.ParentRunner$2.evaluate(ParentRunner.java:268)at org.junit.runners.ParentRunner.run(ParentRunner.java:363)at org.junit.runners.Suite.runChild(Suite.java:128)at org.junit.runners.Suite.runChild(Suite.java:27)at org.junit.runners.ParentRunner$3.run(ParentRunner.java:290)at org.junit.runners.ParentRunner$1.schedule(ParentRunner.java:71)at org.junit.runners.ParentRunner.runChildren(ParentRunner.java:288)at org.junit.runners.ParentRunner.access$000(ParentRunner.java:58)at org.junit.runners.ParentRunner$2.evaluate(ParentRunner.java:268)at org.junit.internal.runners.statements.RunBefores.evaluate(RunBefores.java:26)at org.junit.runners.ParentRunner.run(ParentRunner.java:363)at org.junit.runners.Suite.runChild(Suite.java:128)at org.junit.runners.Suite.runChild(Suite.java:27)at org.junit.runners.ParentRunner$3.run(ParentRunner.java:290)at org.junit.runners.ParentRunner$1.schedule(ParentRunner.java:71)at org.junit.runners.ParentRunner.runChildren(ParentRunner.java:288)at org.junit.runners.ParentRunner.access$000(ParentRunner.java:58)at org.junit.runners.ParentRunner$2.evaluate(ParentRunner.java:268)at org.junit.runners.ParentRunner.run(ParentRunner.java:363)at org.apache.maven.surefire.junit4.JUnit4Provider.execute(JUnit4Provider.java:252)at org.apache.maven.surefire.junit4.JUnit4Provider.executeTestSet(JUnit4Provider.java:141)at org.apache.maven.surefire.junit4.JUnit4Provider.invoke(JUnit4Provider.java:112)at sun.reflect.NativeMethodAccessorImpl.invoke0(Native Method)at sun.reflect.NativeMethodAccessorImpl.invoke(NativeMethodAccessorImpl.java:62)at sun.reflect.DelegatingMethodAccessorImpl.invoke(DelegatingMethodAccessorImpl.java:43)at java.lang.reflect.Method.invoke(Method.java:483)at org.apache.maven.surefire.util.ReflectionUtils.invokeMethodWithArray(ReflectionUtils.java:189)at org.apache.maven.surefire.booter.ProviderFactory$ProviderProxy.invoke(ProviderFactory.java:165)at org.apache.maven.surefire.booter.ProviderFactory.invokeProvider(ProviderFactory.java:85)at org.apache.maven.surefire.booter.ForkedBooter.runSuitesInProcess(ForkedBooter.java:115)at org.apache.maven.surefire.booter.ForkedBooter.main(ForkedBooter.java:75)</pre></div></div></td>
<td></td></tr>
<tr class="b">
<td><img src="images/icon_success_sml.gif" alt="" /></td>
<td>test_Title_Validation[Iteration # 23 : exp: Tickets at StubHub! Where Fans Buy and Sell Tickets; act: Tickets at StubHub! Where Fans Buy and Sell Tickets]</td>
<td>0</td></tr>
<tr class="a">
<td><img src="images/icon_success_sml.gif" alt="" /></td>
<td>test_Title_Validation[Iteration # 24 : exp: Yahoo; act: Yahoo]</td>
<td>0</td></tr></table></div><br /></div>
<div class="section">
<h2>Failure Details<a name="Failure_Details"></a></h2><a name="Failure_Details"></a>
<p>[<a href="#Summary">Summary</a>] [<a href="#Package_List">Package List</a>] [<a href="#Test_Cases">Test Cases</a>]</p><br />
<table border="1" class="bodyTable">
<tr class="a">
<td><img src="images/icon_error_sml.gif" alt="" /></td>
<td><a name="core.SeleniumTest.test_Title_ValidationIteration__4_:_exp:_Barnes__Noble_-_Books_Textbooks_eBooks_Toys_Games__More_act:_Barnes__Noble_-_Books_Textbooks_eBooks_Toys_Games__More"></a>test_Title_Validation[Iteration # 4 : exp: Barnes &amp; Noble - Books, Textbooks, eBooks, Toys, Games &amp; More&quot;; act: Barnes &amp; Noble - Books, Textbooks, eBooks, Toys, Games &amp; More]</td></tr>
<tr class="b">
<td></td>
<td>org.junit.ComparisonFailure: FAILED expected:&lt;..., Toys, Games &amp; More[&quot;]&gt; but was:&lt;..., Toys, Games &amp; More[]&gt;</td></tr>                                                                                                                                                                                                
<tr class="a">
<td></td>
<td>
<div id="test_Title_Validation[Iteration # 4 : exp: Barnes &amp; Noble - Books, Textbooks, eBooks, Toys, Games &amp; More&quot;; act: Barnes &amp; Noble - Books, Textbooks, eBooks, Toys, Games &amp; More]error">core.SeleniumTest:</div></td></tr>
<tr class="b">
<td><img src="images/icon_error_sml.gif" alt="" /></td>
<td><a name="core.SeleniumTest.test_Title_ValidationIteration__6_:_exp:_Send_Money_Pay_Online_or_Set_Up_a_Merchant_Account_-_PayPal_act:_Send_Money_Pay_Online_or_Set_Up_a_Merchant_Account_-_PayPal"></a>test_Title_Validation[Iteration # 6 : exp: Send Money, Pay Online or Set Up a Merchant Account - PayPal&quot;; act: Send Money, Pay Online or Set Up a Merchant Account - PayPal]</td></tr>
<tr class="a">
<td></td>
<td>org.junit.ComparisonFailure: FAILED expected:&lt;...ant Account - PayPal[&quot;]&gt; but was:&lt;...ant Account - PayPal[]&gt;</td></tr>                                                                                                                                                                                                
<tr class="b">
<td></td>
<td>
<div id="test_Title_Validation[Iteration # 6 : exp: Send Money, Pay Online or Set Up a Merchant Account - PayPal&quot;; act: Send Money, Pay Online or Set Up a Merchant Account - PayPal]error">core.SeleniumTest:</div></td></tr>
<tr class="a">
<td><img src="images/icon_error_sml.gif" alt="" /></td>
<td><a name="core.SeleniumTest.test_Title_ValidationIteration__7_:_exp:_Electronics_Cars_Fashion_Collectibles_Coupons_and_More__eBay_act:_Electronics_Cars_Fashion_Collectibles_Coupons_and_More__eBay"></a>test_Title_Validation[Iteration # 7 : exp: Electronics, Cars, Fashion, Collectibles, Coupons and More | eBay&quot;; act: Electronics, Cars, Fashion, Collectibles, Coupons and More | eBay]</td></tr>
<tr class="b">
<td></td>
<td>org.junit.ComparisonFailure: FAILED expected:&lt;...pons and More | eBay[&quot;]&gt; but was:&lt;...pons and More | eBay[]&gt;</td></tr>                                                                                                                                                                                            
<tr class="a">
<td></td>
<td>
<div id="test_Title_Validation[Iteration # 7 : exp: Electronics, Cars, Fashion, Collectibles, Coupons and More | eBay&quot;; act: Electronics, Cars, Fashion, Collectibles, Coupons and More | eBay]error">core.SeleniumTest:</div></td></tr>
<tr class="b">
<td><img src="images/icon_error_sml.gif" alt="" /></td>
<td><a name="core.SeleniumTest.test_Title_ValidationIteration__9_:_exp:_Welcome_to_Facebook_-_Log_In_Sign_Up_or_Learn_More_act:_Welcome_to_Facebook_-_Log_In_Sign_Up_or_Learn_More"></a>test_Title_Validation[Iteration # 9 : exp: Welcome to Facebook - Log In, Sign Up or Learn More&quot;; act: Welcome to Facebook - Log In, Sign Up or Learn More]</td></tr>
<tr class="a">
<td></td>
<td>org.junit.ComparisonFailure: FAILED expected:&lt;...ign Up or Learn More[&quot;]&gt; but was:&lt;...ign Up or Learn More[]&gt;</td></tr>                                                                                                                                                                                                
<tr class="b">
<td></td>
<td>
<div id="test_Title_Validation[Iteration # 9 : exp: Welcome to Facebook - Log In, Sign Up or Learn More&quot;; act: Welcome to Facebook - Log In, Sign Up or Learn More]error">core.SeleniumTest:</div></td></tr>
<tr class="a">
<td><img src="images/icon_error_sml.gif" alt="" /></td>
<td><a name="core.SeleniumTest.test_Title_ValidationIteration__13_:_exp:_http:www.marshals.com_act:_"></a>test_Title_Validation[Iteration # 13 : exp: http://www.marshals.com/; act: ]</td></tr>
<tr class="b">
<td></td>
<td>org.junit.ComparisonFailure: FAILED expected:&lt;[http://www.marshals.com/]&gt; but was:&lt;[]&gt;</td></tr>                                                                                                                                                                                                
<tr class="a">
<td></td>
<td>
<div id="test_Title_Validation[Iteration # 13 : exp: http://www.marshals.com/; act: ]error">core.SeleniumTest:</div></td></tr>
<tr class="b">
<td><img src="images/icon_error_sml.gif" alt="" /></td>
<td><a name="core.SeleniumTest.test_Title_ValidationIteration__14_:_exp:_Cheap_Tickets:_Flights_Hotels__Car_Rentals__CheapOair_act:_Cheap_Tickets:_Flights_Hotels__Car_Rentals__CheapOair"></a>test_Title_Validation[Iteration # 14 : exp: Cheap Tickets: Flights, Hotels &amp; Car Rentals ? CheapOair&quot;; act: Cheap Tickets: Flights, Hotels &amp; Car Rentals &#x2212; CheapOair]</td></tr>
<tr class="a">
<td></td>
<td>org.junit.ComparisonFailure: FAILED expected:&lt;...otels &amp; Car Rentals [? CheapOair&quot;]&gt; but was:&lt;...otels &amp; Car Rentals [&#x2212; CheapOair]&gt;</td></tr>                                                                                                                                                                                                
<tr class="b">
<td></td>
<td>
<div id="test_Title_Validation[Iteration # 14 : exp: Cheap Tickets: Flights, Hotels &amp; Car Rentals ? CheapOair&quot;; act: Cheap Tickets: Flights, Hotels &amp; Car Rentals &#x2212; CheapOair]error">core.SeleniumTest:</div></td></tr>
<tr class="a">
<td><img src="images/icon_error_sml.gif" alt="" /></td>
<td><a name="core.SeleniumTest.test_Title_ValidationIteration__15_:_exp:_Reviews_of_Hotels_Flights_and_Vacation_Rentals_-_TripAdvisor_act:_Reviews_of_Hotels_Flights_and_Vacation_Rentals_-_TripAdvisor"></a>test_Title_Validation[Iteration # 15 : exp: Reviews of Hotels, Flights and Vacation Rentals - TripAdvisor&quot;; act: Reviews of Hotels, Flights and Vacation Rentals - TripAdvisor]</td></tr>
<tr class="b">
<td></td>
<td>org.junit.ComparisonFailure: FAILED expected:&lt;...entals - TripAdvisor[&quot;]&gt; but was:&lt;...entals - TripAdvisor[]&gt;</td></tr>                                                                                                                                                                                                
<tr class="a">
<td></td>
<td>
<div id="test_Title_Validation[Iteration # 15 : exp: Reviews of Hotels, Flights and Vacation Rentals - TripAdvisor&quot;; act: Reviews of Hotels, Flights and Vacation Rentals - TripAdvisor]error">core.SeleniumTest:</div></td></tr>
<tr class="b">
<td><img src="images/icon_error_sml.gif" alt="" /></td>
<td><a name="core.SeleniumTest.test_Title_ValidationIteration__17_:_exp:_Liberty_Travel__Travel_Agency__Americaapos_Vacation_Experts_act:_Liberty_Travel__Travel_Agency__Americas_Vacation_Experts"></a>test_Title_Validation[Iteration # 17 : exp: Liberty Travel | Travel Agency | America&amp;apos Vacation Experts; act: Liberty Travel | Travel Agency | America's Vacation Experts]</td></tr>
<tr class="a">
<td></td>
<td>org.junit.ComparisonFailure: FAILED expected:&lt;...vel Agency | America[&amp;apo]s Vacation Experts&gt; but was:&lt;...vel Agency | America[']s Vacation Experts&gt;</td></tr>                                                                                                                                                                                            
<tr class="b">
<td></td>
<td>
<div id="test_Title_Validation[Iteration # 17 : exp: Liberty Travel | Travel Agency | America&amp;apos Vacation Experts; act: Liberty Travel | Travel Agency | America's Vacation Experts]error">core.SeleniumTest:</div></td></tr>
<tr class="a">
<td><img src="images/icon_error_sml.gif" alt="" /></td>
<td><a name="core.SeleniumTest.test_Title_ValidationIteration__18_:_exp:_Liberty_Travel__Travel_Agency__Americaapos_Vacation_Experts_act:_Liberty_Travel__Travel_Agency__Americas_Vacation_Experts"></a>test_Title_Validation[Iteration # 18 : exp: Liberty Travel | Travel Agency | America&amp;apos Vacation Experts; act: Liberty Travel | Travel Agency | America's Vacation Experts]</td></tr>
<tr class="b">
<td></td>
<td>org.junit.ComparisonFailure: FAILED expected:&lt;...vel Agency | America[&amp;apo]s Vacation Experts&gt; but was:&lt;...vel Agency | America[']s Vacation Experts&gt;</td></tr>                                                                                                                                                                                            
<tr class="a">
<td></td>
<td>
<div id="test_Title_Validation[Iteration # 18 : exp: Liberty Travel | Travel Agency | America&amp;apos Vacation Experts; act: Liberty Travel | Travel Agency | America's Vacation Experts]error">core.SeleniumTest:</div></td></tr>
<tr class="b">
<td><img src="images/icon_error_sml.gif" alt="" /></td>
<td><a name="core.SeleniumTest.test_Title_ValidationIteration__21_:_exp:_New_Cars_Used_Cars_Car_Reviews__Cars.com_act:_New_Cars_Used_Cars_Car_Reviews__Cars.com"></a>test_Title_Validation[Iteration # 21 : exp: New Cars, Used Cars, Car Reviews | Cars.com&quot;; act: New Cars, Used Cars, Car Reviews | Cars.com]</td></tr>
<tr class="a">
<td></td>
<td>org.junit.ComparisonFailure: FAILED expected:&lt;...r Reviews | Cars.com[&quot;]&gt; but was:&lt;...r Reviews | Cars.com[]&gt;</td></tr>                                                                                                                                                                                            
<tr class="b">
<td></td>
<td>
<div id="test_Title_Validation[Iteration # 21 : exp: New Cars, Used Cars, Car Reviews | Cars.com&quot;; act: New Cars, Used Cars, Car Reviews | Cars.com]error">core.SeleniumTest:</div></td></tr>
<tr class="a">
<td><img src="images/icon_error_sml.gif" alt="" /></td>
<td><a name="core.SeleniumTest.test_Title_ValidationIteration__22_:_exp:_Buy_and_Sell_Tickets:_Concerts_Sports__Theater__Vivid_Seats_act:_Buy_and_Sell_Tickets:_Concerts_Sports__Theater__Vivid_Seats"></a>test_Title_Validation[Iteration # 22 : exp: Buy and Sell Tickets: Concerts, Sports &amp; Theater | Vivid Seats&quot;; act: Buy and Sell Tickets: Concerts, Sports &amp; Theater | Vivid Seats]</td></tr>
<tr class="b">
<td></td>
<td>org.junit.ComparisonFailure: FAILED expected:&lt;...heater | Vivid Seats[&quot;]&gt; but was:&lt;...heater | Vivid Seats[]&gt;</td></tr>                                                                                                                                                                                            
<tr class="a">
<td></td>
<td>
<div id="test_Title_Validation[Iteration # 22 : exp: Buy and Sell Tickets: Concerts, Sports &amp; Theater | Vivid Seats&quot;; act: Buy and Sell Tickets: Concerts, Sports &amp; Theater | Vivid Seats]error">core.SeleniumTest:</div></td></tr></table><br /></div>
      </div>
    </div>
    <div class="clear">
      <hr/>
    </div>
    <div id="footer">
      <div class="xright">
              Copyright &#169;                   2015.
          All Rights Reserved.      
                    
                  </div>
      <div class="clear">
        <hr/>
      </div>
    </div>
  </body>
</html>
